/home/leonam/Documents/blog/vendor/bundle/ruby/3.4.0/gems/jekyll-4.4.1/lib/jekyll.rb:26: warning: logger was loaded from the standard library, but will no longer be part of the default gems starting from Ruby 3.5.0.
You can add logger to your Gemfile or gemspec to silence this warning.
Configuration file: /home/leonam/Documents/blog/_config.yml
 Theme Config file: /home/leonam/Documents/blog/_config.yml
            Source: /home/leonam/Documents/blog
       Destination: /home/leonam/Documents/blog/_site
 Incremental build: disabled. Enable with --incremental
      Generating... 
                    done in 0.607 seconds.
 Auto-regeneration: enabled for '/home/leonam/Documents/blog'
[31m                    ------------------------------------------------[0m
[31m      Jekyll 4.4.1   Please append `--trace` to the `serve` command [0m
[31m                     for any additional information or backtrace. [0m
[31m                    ------------------------------------------------[0m
/usr/lib/ruby/3.4.0/socket.rb:205:in 'Socket#bind': Address already in use - bind(2) for 127.0.0.1:4000 (Errno::EADDRINUSE)
	from /usr/lib/ruby/3.4.0/socket.rb:205:in 'Addrinfo#listen'
	from /usr/lib/ruby/3.4.0/socket.rb:1190:in 'block in Socket.tcp_server_sockets'
	from /usr/lib/ruby/3.4.0/socket.rb:231:in 'Array#each'
	from /usr/lib/ruby/3.4.0/socket.rb:231:in 'Addrinfo.foreach'
	from /usr/lib/ruby/3.4.0/socket.rb:1188:in 'Socket.tcp_server_sockets'
	from /home/leonam/Documents/blog/vendor/bundle/ruby/3.4.0/gems/webrick-1.9.1/lib/webrick/utils.rb:60:in 'WEBrick::Utils.create_listeners'
	from /home/leonam/Documents/blog/vendor/bundle/ruby/3.4.0/gems/webrick-1.9.1/lib/webrick/server.rb:130:in 'WEBrick::GenericServer#listen'
	from /home/leonam/Documents/blog/vendor/bundle/ruby/3.4.0/gems/webrick-1.9.1/lib/webrick/server.rb:111:in 'WEBrick::GenericServer#initialize'
	from /home/leonam/Documents/blog/vendor/bundle/ruby/3.4.0/gems/webrick-1.9.1/lib/webrick/httpserver.rb:47:in 'WEBrick::HTTPServer#initialize'
	from /home/leonam/Documents/blog/vendor/bundle/ruby/3.4.0/gems/jekyll-4.4.1/lib/jekyll/commands/serve.rb:216:in 'Class#new'
	from /home/leonam/Documents/blog/vendor/bundle/ruby/3.4.0/gems/jekyll-4.4.1/lib/jekyll/commands/serve.rb:216:in 'Jekyll::Commands::Serve.start_up_webrick'
	from /home/leonam/Documents/blog/vendor/bundle/ruby/3.4.0/gems/jekyll-4.4.1/lib/jekyll/commands/serve.rb:102:in 'Jekyll::Commands::Serve.process'
	from /home/leonam/Documents/blog/vendor/bundle/ruby/3.4.0/gems/jekyll-4.4.1/lib/jekyll/command.rb:91:in 'block in Jekyll::Command.process_with_graceful_fail'
	from /home/leonam/Documents/blog/vendor/bundle/ruby/3.4.0/gems/jekyll-4.4.1/lib/jekyll/command.rb:91:in 'Array#each'
	from /home/leonam/Documents/blog/vendor/bundle/ruby/3.4.0/gems/jekyll-4.4.1/lib/jekyll/command.rb:91:in 'Jekyll::Command.process_with_graceful_fail'
	from /home/leonam/Documents/blog/vendor/bundle/ruby/3.4.0/gems/jekyll-4.4.1/lib/jekyll/commands/serve.rb:85:in 'block (2 levels) in Jekyll::Commands::Serve.init_with_program'
	from /home/leonam/Documents/blog/vendor/bundle/ruby/3.4.0/gems/mercenary-0.4.0/lib/mercenary/command.rb:221:in 'block in Mercenary::Command#execute'
	from /home/leonam/Documents/blog/vendor/bundle/ruby/3.4.0/gems/mercenary-0.4.0/lib/mercenary/command.rb:221:in 'Array#each'
	from /home/leonam/Documents/blog/vendor/bundle/ruby/3.4.0/gems/mercenary-0.4.0/lib/mercenary/command.rb:221:in 'Mercenary::Command#execute'
	from /home/leonam/Documents/blog/vendor/bundle/ruby/3.4.0/gems/mercenary-0.4.0/lib/mercenary/program.rb:44:in 'Mercenary::Program#go'
	from /home/leonam/Documents/blog/vendor/bundle/ruby/3.4.0/gems/mercenary-0.4.0/lib/mercenary.rb:21:in 'Mercenary.program'
	from /home/leonam/Documents/blog/vendor/bundle/ruby/3.4.0/gems/jekyll-4.4.1/exe/jekyll:15:in '<top (required)>'
	from /home/leonam/Documents/blog/vendor/bundle/ruby/3.4.0/bin/jekyll:25:in 'Kernel#load'
	from /home/leonam/Documents/blog/vendor/bundle/ruby/3.4.0/bin/jekyll:25:in '<top (required)>'
	from /home/leonam/Documents/blog/vendor/bundle/ruby/3.4.0/gems/bundler-2.6.7/lib/bundler/cli/exec.rb:59:in 'Kernel.load'
	from /home/leonam/Documents/blog/vendor/bundle/ruby/3.4.0/gems/bundler-2.6.7/lib/bundler/cli/exec.rb:59:in 'Bundler::CLI::Exec#kernel_load'
	from /home/leonam/Documents/blog/vendor/bundle/ruby/3.4.0/gems/bundler-2.6.7/lib/bundler/cli/exec.rb:23:in 'Bundler::CLI::Exec#run'
	from /home/leonam/Documents/blog/vendor/bundle/ruby/3.4.0/gems/bundler-2.6.7/lib/bundler/cli.rb:452:in 'Bundler::CLI#exec'
	from /home/leonam/Documents/blog/vendor/bundle/ruby/3.4.0/gems/bundler-2.6.7/lib/bundler/vendor/thor/lib/thor/command.rb:28:in 'Bundler::Thor::Command#run'
	from /home/leonam/Documents/blog/vendor/bundle/ruby/3.4.0/gems/bundler-2.6.7/lib/bundler/vendor/thor/lib/thor/invocation.rb:127:in 'Bundler::Thor::Invocation#invoke_command'
	from /home/leonam/Documents/blog/vendor/bundle/ruby/3.4.0/gems/bundler-2.6.7/lib/bundler/vendor/thor/lib/thor.rb:538:in 'Bundler::Thor.dispatch'
	from /home/leonam/Documents/blog/vendor/bundle/ruby/3.4.0/gems/bundler-2.6.7/lib/bundler/cli.rb:35:in 'Bundler::CLI.dispatch'
	from /home/leonam/Documents/blog/vendor/bundle/ruby/3.4.0/gems/bundler-2.6.7/lib/bundler/vendor/thor/lib/thor/base.rb:584:in 'Bundler::Thor::Base::ClassMethods#start'
	from /home/leonam/Documents/blog/vendor/bundle/ruby/3.4.0/gems/bundler-2.6.7/lib/bundler/cli.rb:29:in 'Bundler::CLI.start'
	from /home/leonam/Documents/blog/vendor/bundle/ruby/3.4.0/gems/bundler-2.6.7/exe/bundle:28:in 'block in <top (required)>'
	from /home/leonam/Documents/blog/vendor/bundle/ruby/3.4.0/gems/bundler-2.6.7/lib/bundler/friendly_errors.rb:117:in 'Bundler.with_friendly_errors'
	from /home/leonam/Documents/blog/vendor/bundle/ruby/3.4.0/gems/bundler-2.6.7/exe/bundle:20:in '<top (required)>'
	from /usr/bin/bundle:25:in 'Kernel#load'
	from /usr/bin/bundle:25:in '<main>'
